[2019-10-20 11:48:43] - xgb1 - start training cv
[2019-10-20 11:48:43] - xgb1 fold 0 - start training
[2019-10-20 11:51:57] - xgb1 fold 0 - end training - score 0.459861874957932
[2019-10-20 11:51:58] - xgb1 fold 1 - start training
[2019-10-20 11:55:00] - xgb1 fold 1 - end training - score 0.4537919207272536
[2019-10-20 11:55:00] - xgb1 fold 2 - start training
[2019-10-20 11:58:07] - xgb1 fold 2 - end training - score 0.4535650443565
[2019-10-20 11:58:08] - xgb1 fold 3 - start training
[2019-10-20 12:00:58] - xgb1 fold 3 - end training - score 0.4757097404663395
[2019-10-20 12:00:58] - xgb1 - end training cv - score 0.4607321451270063
[2019-10-20 12:00:59] - xgb1 - start prediction cv
[2019-10-20 12:01:00] - xgb1 - start prediction fold:0
[2019-10-20 12:01:10] - xgb1 - end prediction fold:0
[2019-10-20 12:01:10] - xgb1 - start prediction fold:1
[2019-10-20 12:01:19] - xgb1 - end prediction fold:1
[2019-10-20 12:01:19] - xgb1 - start prediction fold:2
[2019-10-20 12:01:28] - xgb1 - end prediction fold:2
[2019-10-20 12:01:28] - xgb1 - start prediction fold:3
[2019-10-20 12:01:37] - xgb1 - end prediction fold:3
[2019-10-20 12:01:37] - xgb1 - end prediction cv
[2019-10-20 12:01:39] - nn1 - start training cv
[2019-10-20 12:01:39] - nn1 fold 0 - start training
[2019-10-20 12:02:05] - nn1 fold 0 - end training - score 0.5702519164260875
[2019-10-20 12:02:05] - nn1 fold 1 - start training
[2019-10-20 12:02:33] - nn1 fold 1 - end training - score 0.5337314896360134
[2019-10-20 12:02:34] - nn1 fold 2 - start training
[2019-10-20 12:03:00] - nn1 fold 2 - end training - score 0.5467306282510672
[2019-10-20 12:03:01] - nn1 fold 3 - start training
[2019-10-20 12:03:27] - nn1 fold 3 - end training - score 0.5613227062824724
[2019-10-20 12:03:28] - nn1 - end training cv - score 0.5530091851489101
[2019-10-20 12:03:29] - nn1 - start prediction cv
[2019-10-20 12:03:30] - nn1 - start prediction fold:0
[2019-10-20 12:03:42] - nn1 - end prediction fold:0
[2019-10-20 12:03:42] - nn1 - start prediction fold:1
[2019-10-20 12:03:55] - nn1 - end prediction fold:1
[2019-10-20 12:03:55] - nn1 - start prediction fold:2
[2019-10-20 12:04:09] - nn1 - end prediction fold:2
[2019-10-20 12:04:09] - nn1 - start prediction fold:3
[2019-10-20 12:04:24] - nn1 - end prediction fold:3
[2019-10-20 12:04:24] - nn1 - end prediction cv
[2019-10-20 12:20:18] - nn1 - start training cv
[2019-10-20 12:20:18] - nn1 fold 0 - start training
[2019-10-20 12:24:02] - nn1 fold 0 - end training - score 0.4810637156600799
[2019-10-20 12:24:02] - nn1 fold 1 - start training
[2019-10-20 12:26:21] - nn1 fold 1 - end training - score 0.47744045002562097
[2019-10-20 12:26:22] - nn1 fold 2 - start training
[2019-10-20 12:30:15] - nn1 fold 2 - end training - score 0.4744091215949514
[2019-10-20 12:30:16] - nn1 fold 3 - start training
[2019-10-20 12:33:44] - nn1 fold 3 - end training - score 0.49666920749467736
[2019-10-20 12:33:46] - nn1 - end training cv - score 0.4823956236938324
[2019-10-20 12:33:46] - nn1 - start prediction cv
[2019-10-20 12:33:47] - nn1 - start prediction fold:0
[2019-10-20 12:33:59] - nn1 - end prediction fold:0
[2019-10-20 12:33:59] - nn1 - start prediction fold:1
[2019-10-20 12:34:12] - nn1 - end prediction fold:1
[2019-10-20 12:34:12] - nn1 - start prediction fold:2
[2019-10-20 12:34:26] - nn1 - end prediction fold:2
[2019-10-20 12:34:26] - nn1 - start prediction fold:3
[2019-10-20 12:34:40] - nn1 - end prediction fold:3
[2019-10-20 12:34:40] - nn1 - end prediction cv
[2019-10-20 12:34:43] - xgb1-train-all - start training all
[2019-10-20 12:39:10] - xgb1-train-all - end training all
[2019-10-20 12:41:37] - xgb1-train-all - start training all
[2019-10-20 12:46:14] - xgb1-train-all - end training all
[2019-10-20 12:46:14] - xgb1-train-all - start prediction all
[2019-10-20 12:46:31] - xgb1-train-all - end prediction all
[2019-10-24 00:55:20] - xgb1 - start training cv
[2019-10-24 00:55:20] - xgb1 fold 0 - start training
[2019-10-24 01:00:56] - xgb1 fold 0 - end training - score 0.46042225337619297
[2019-10-24 01:00:57] - xgb1 fold 1 - start training
[2019-10-24 01:06:46] - xgb1 fold 1 - end training - score 0.45285227170717574
[2019-10-24 01:06:46] - xgb1 fold 2 - start training
[2019-10-24 01:13:47] - xgb1 fold 2 - end training - score 0.45360947565067433
[2019-10-24 01:13:48] - xgb1 fold 3 - start training
[2019-10-24 01:19:41] - xgb1 fold 3 - end training - score 0.4763449131999989
[2019-10-24 01:19:41] - xgb1 - end training cv - score 0.46080722848351047
[2019-10-24 01:19:42] - xgb1 - start prediction cv
[2019-10-24 01:19:43] - xgb1 - start prediction fold:0
[2019-10-24 01:19:57] - xgb1 - end prediction fold:0
[2019-10-24 01:19:57] - xgb1 - start prediction fold:1
[2019-10-24 01:20:09] - xgb1 - end prediction fold:1
[2019-10-24 01:20:09] - xgb1 - start prediction fold:2
[2019-10-24 01:20:24] - xgb1 - end prediction fold:2
[2019-10-24 01:20:24] - xgb1 - start prediction fold:3
[2019-10-24 01:20:35] - xgb1 - end prediction fold:3
[2019-10-24 01:20:36] - xgb1 - end prediction cv
[2019-10-24 01:20:39] - nn1 - start training cv
[2019-10-24 01:20:39] - nn1 fold 0 - start training
[2019-10-24 01:24:52] - nn1 fold 0 - end training - score 0.4815659165876453
[2019-10-24 01:24:52] - nn1 fold 1 - start training
[2019-10-24 01:27:41] - nn1 fold 1 - end training - score 0.4784560186259221
[2019-10-24 01:27:42] - nn1 fold 2 - start training
[2019-10-24 01:30:56] - nn1 fold 2 - end training - score 0.47413180736151933
[2019-10-24 01:30:58] - nn1 fold 3 - start training
[2019-10-24 01:34:28] - nn1 fold 3 - end training - score 0.49978548860783467
[2019-10-24 01:34:30] - nn1 - end training cv - score 0.48348480779573033
[2019-10-24 01:34:30] - nn1 - start prediction cv
[2019-10-24 01:34:31] - nn1 - start prediction fold:0
[2019-10-24 01:34:41] - nn1 - end prediction fold:0
[2019-10-24 01:34:41] - nn1 - start prediction fold:1
[2019-10-24 01:34:52] - nn1 - end prediction fold:1
[2019-10-24 01:34:52] - nn1 - start prediction fold:2
[2019-10-24 01:35:04] - nn1 - end prediction fold:2
[2019-10-24 01:35:04] - nn1 - start prediction fold:3
[2019-10-24 01:35:17] - nn1 - end prediction fold:3
[2019-10-24 01:35:17] - nn1 - end prediction cv
[2019-10-24 01:35:19] - xgb1-train-all - start training all
[2019-10-24 01:42:29] - xgb1-train-all - end training all
[2019-10-24 01:42:29] - xgb1-train-all - start prediction all
[2019-10-24 01:42:45] - xgb1-train-all - end prediction all
